app/app/build/outputs/mapping/release/seeds.txt
com.f3.aliothloud.EngineService$watchdog$1
com.f3.aliothloud.Settings$Companion
com.f3.aliothloud.EngineService$WhenMappings
com.f3.aliothloud.Prefs
com.f3.aliothloud.R$id
com.f3.aliothloud.EngineService
com.f3.aliothloud.MainActivity$Spec
com.f3.aliothloud.LoudnessEngine$Companion
com.f3.aliothloud.LoudnessEngineKt
com.f3.aliothloud.LoudnessEngine
com.f3.aliothloud.Settings
com.f3.aliothloud.LoudnessEngine$Result
com.f3.aliothloud.MainActivity
com.f3.aliothloud.MainActivity$Companion
com.f3.aliothloud.BootReceiver
com.f3.aliothloud.R
com.f3.aliothloud.R$layout
com.f3.aliothloud.R$string
com.f3.aliothloud.EngineService$Companion
com.f3.aliothloud.R$style
com.f3.aliothloud.LoudnessEngine$Status
com.f3.aliothloud.R$id: int status
com.f3.aliothloud.MainActivity$Spec: kotlin.jvm.functions.Function2 set
com.f3.aliothloud.EngineService: com.f3.aliothloud.LoudnessEngine engine
com.f3.aliothloud.MainActivity: java.util.List specs
com.f3.aliothloud.Settings: java.util.Map PRESETS
com.f3.aliothloud.Settings: float inputGainDb
com.f3.aliothloud.EngineService: com.f3.aliothloud.EngineService$Companion Companion
com.f3.aliothloud.MainActivity: android.widget.LinearLayout sliderHost
com.f3.aliothloud.R$id: int estimate
com.f3.aliothloud.LoudnessEngine: int ASSUMED_CHANNELS
com.f3.aliothloud.MainActivity: com.google.android.material.materialswitch.MaterialSwitch master
com.f3.aliothloud.EngineService: android.os.Handler handler
com.f3.aliothloud.R$id: int availability
com.f3.aliothloud.MainActivity$Spec: float min
com.f3.aliothloud.LoudnessEngine: com.f3.aliothloud.LoudnessEngine$Companion Companion
com.f3.aliothloud.LoudnessEngine: int PRIORITY
com.f3.aliothloud.Settings: float kneeDb
com.f3.aliothloud.LoudnessEngine$Status: kotlin.enums.EnumEntries $ENTRIES
com.f3.aliothloud.LoudnessEngine$Status: com.f3.aliothloud.LoudnessEngine$Status FAILED
com.f3.aliothloud.LoudnessEngine: int GLOBAL_SESSION
com.f3.aliothloud.LoudnessEngine$Result: com.f3.aliothloud.LoudnessEngine$Status status
com.f3.aliothloud.MainActivity: com.f3.aliothloud.LoudnessEngine engineProbe
com.f3.aliothloud.MainActivity: com.f3.aliothloud.Settings settings
com.f3.aliothloud.MainActivity$Spec: java.lang.String unit
com.f3.aliothloud.MainActivity: com.f3.aliothloud.Prefs prefs
com.f3.aliothloud.EngineService: int NOTIF_ID
com.f3.aliothloud.MainActivity$Spec: float max
com.f3.aliothloud.MainActivity: android.widget.TextView estimateView
com.f3.aliothloud.LoudnessEngine: android.media.audiofx.LoudnessEnhancer le
com.f3.aliothloud.MainActivity: android.widget.TextView availabilityView
com.f3.aliothloud.MainActivity: java.util.List valueLabels
com.f3.aliothloud.Settings: boolean enabled
com.f3.aliothloud.EngineService: java.lang.String ACTION_RELOAD
com.f3.aliothloud.EngineService: com.f3.aliothloud.Prefs prefs
com.f3.aliothloud.R$id: int sliders
com.f3.aliothloud.EngineService$watchdog$1: com.f3.aliothloud.EngineService this$0
com.f3.aliothloud.LoudnessEngine: android.media.audiofx.DynamicsProcessing dp
com.f3.aliothloud.R$id: int footer
com.f3.aliothloud.LoudnessEngine$Status: com.f3.aliothloud.LoudnessEngine$Status[] $VALUES
com.f3.aliothloud.MainActivity: com.f3.aliothloud.MainActivity$Companion Companion
com.f3.aliothloud.LoudnessEngine: java.lang.String TAG
com.f3.aliothloud.LoudnessEngine$Status: com.f3.aliothloud.LoudnessEngine$Status OK
com.f3.aliothloud.MainActivity$Spec: float step
com.f3.aliothloud.Settings: int loudnessGainMb
com.f3.aliothloud.R$id: int presets
com.f3.aliothloud.MainActivity: java.util.List sliderViews
com.f3.aliothloud.MainActivity: android.widget.TextView footerView
com.f3.aliothloud.LoudnessEngine: int MBC_BANDS
com.f3.aliothloud.MainActivity$Spec: java.lang.String label
com.f3.aliothloud.MainActivity: boolean suppress
com.f3.aliothloud.R$string: int app_name
com.f3.aliothloud.MainActivity$Spec: java.lang.String help
com.f3.aliothloud.MainActivity: android.widget.TextView statusView
com.f3.aliothloud.MainActivity: java.lang.String FOOTER
...
com.google.android.material.datepicker.MaterialDatePicker: MaterialDatePicker()
androidx.appcompat.widget.AppCompatCheckBox: void setButtonDrawable(android.graphics.drawable.Drawable)
androidx.recyclerview.widget.RecyclerView: void setLayoutTransition(android.animation.LayoutTransition)
androidx.core.view.WindowInsetsCompat$Impl20: androidx.core.graphics.Insets getVisibleInsets(android.view.View)
androidx.emoji2.text.EmojiExclusions$EmojiExclusions_Api34: java.util.Set getExclusions()
androidx.profileinstaller.ProfileVerifier$Api33Impl: android.content.pm.PackageInfo getPackageInfo(android.content.pm.PackageManager,android.content.Context)
com.google.android.material.transformation.FabTransformationScrimBehavior: FabTransformationScrimBehavior(android.content.Context,android.util.AttributeSet)
com.google.android.material.textfield.TextInputLayout: void setMaxWidth(int)
androidx.appcompat.widget.ListPopupWindow$Api29Impl: void setIsClippedToScreen(android.widget.PopupWindow,boolean)
androidx.core.view.ViewCompat$Api31Impl: androidx.core.view.ContentInfoCompat performReceiveContent(android.view.View,androidx.core.view.ContentInfoCompat)
androidx.lifecycle.EmptyActivityLifecycleCallbacks: void onActivityPaused(android.app.Activity)
androidx.activity.ComponentActivity: void addOnNewIntentListener(androidx.core.util.Consumer)
androidx.vectordrawable.graphics.drawable.VectorDrawableCompat$VPathRenderer: float getAlpha()
com.google.android.material.button.MaterialButton: int getInsetTop()
androidx.lifecycle.ReportFragment$LifecycleCallbacks: void onActivityStopped(android.app.Activity)
com.google.android.material.materialswitch.MaterialSwitch: void setTrackTintList(android.content.res.ColorStateList)
androidx.appcompat.widget.AppCompatCheckedTextView: android.view.ActionMode$Callback getCustomSelectionActionModeCallback()
com.google.android.material.chip.Chip: void setChipIconSizeResource(int)
com.google.android.material.checkbox.MaterialCheckBox: void setCenterIfNoTextEnabled(boolean)
androidx.appcompat.widget.SwitchCompat: void setThumbTintList(android.content.res.ColorStateList)
androidx.appcompat.widget.LinearLayoutCompat: int getOrientation()
androidx.appcompat.app.AppCompatActivity: void onLocalesChanged(androidx.core.os.LocaleListCompat)
androidx.core.widget.TextViewCompat$Api23Impl: int getHyphenationFrequency(android.widget.TextView)
androidx.appcompat.widget.AppCompatEditText: void setSupportBackgroundTintList(android.content.res.ColorStateList)
androidx.core.app.ActivityCompat$Api23Impl: void onSharedElementsReady(java.lang.Object)
androidx.appcompat.widget.ActionBarOverlayLayout: void setWindowCallback(android.view.Window$Callback)
androidx.appcompat.widget.LinearLayoutCompat: void setOrientation(int)
androidx.appcompat.widget.AppCompatEditText: void setBackgroundResource(int)
com.google.android.material.slider.BaseSlider: void setCustomThumbDrawablesForValues(int[])
com.google.android.material.button.MaterialButton: void setInsetTop(int)
androidx.appcompat.widget.SwitchCompat: void setChecked(boolean)
androidx.appcompat.widget.ViewStubCompat: void setLayoutResource(int)
androidx.appcompat.widget.SwitchCompat: android.graphics.PorterDuff$Mode getTrackTintMode()
androidx.core.view.WindowInsetsCompat$Impl: void copyWindowDataInto(androidx.core.view.WindowInsetsCompat)
androidx.coordinatorlayout.widget.CoordinatorLayout: androidx.core.view.WindowInsetsCompat getLastWindowInsets()
com.google.android.material.button.MaterialButton: void setStrokeWidthResource(int)
com.google.android.material.textfield.TextInputLayout: void setPrefixTextAppearance(int)
com.google.android.material.chip.ChipGroup: void setDividerDrawableVertical(android.graphics.drawable.Drawable)
androidx.appcompat.widget.AppCompatTextView: void setFirstBaselineToTopHeight(int)
com.google.android.material.textfield.TextInputLayout: void setBoxCollapsedPaddingTop(int)
com.google.android.material.textfield.TextInputLayout: java.lang.CharSequence getHint()