app/app/build/outputs/mapping/release/mapping.txt
# compiler: R8
# compiler_version: 8.7.18
# min_api: 31
# common_typos_disable
# {"id":"com.android.tools.r8.mapping","version":"2.2"}
# pg_map_id: 622d39a
# pg_map_hash: SHA-256 622d39a1783073d6e58729f8318016566f82d11ccb0d5d634bb7b55afe1fc410
com.f3.aliothloud.BootReceiver -> com.f3.aliothloud.BootReceiver:
# {"id":"sourceFile","fileName":"BootReceiver.kt"}
    0:3:void <init>():12:12 -> <init>
    10:61:void onReceive(android.content.Context,android.content.Intent):14:14 -> onReceive
    62:82:void onReceive(android.content.Context,android.content.Intent):18:18 -> onReceive
com.f3.aliothloud.EngineService -> com.f3.aliothloud.EngineService:
# {"id":"sourceFile","fileName":"EngineService.kt"}
    8:19:void <clinit>():50:50 -> <clinit>
    0:2:android.os.Handler access$getHandler$p(com.f3.aliothloud.EngineService):37:37 -> <init>
    0:2:void <init>():37 -> <init>
    3:9:void <init>():67:67 -> <init>
    10:20:void <init>():69:69 -> <init>
    21:28:void <init>():71:71 -> <init>
    0:2:android.os.Handler access$getHandler$p(com.f3.aliothloud.EngineService):37:37 -> access$getHandler$p
    0:2:android.os.Handler access$getHandler$p(com.f3.aliothloud.EngineService):37:37 -> access$getLastStatus$cp
    0:2:com.f3.aliothloud.LoudnessEngine$Result access$getLastStatus$cp():37 -> access$getLastStatus$cp
    0:3:android.os.Handler access$getHandler$p(com.f3.aliothloud.EngineService):37:37 -> access$verifyAlive
    0:3:void access$verifyAlive(com.f3.aliothloud.EngineService):37 -> access$verifyAlive
    0:5:void attachNow(com.f3.aliothloud.Settings):125:125 -> attachNow
    6:7:void attachNow(com.f3.aliothloud.Settings):126:126 -> attachNow
    8:42:void attachNow(com.f3.aliothloud.Settings):127:127 -> attachNow
    43:66:void attachNow(com.f3.aliothloud.Settings):129:129 -> attachNow
    67:69:void attachNow(com.f3.aliothloud.Settings):135:135 -> attachNow
    70:71:void attachNow(com.f3.aliothloud.Settings):129:129 -> attachNow
    72:74:void kotlin.NoWhenBranchMatchedException.<init>():9:9 -> attachNow
com.f3.aliothloud.EngineService$Companion -> com.f3.aliothloud.EngineService$Companion:
# {"id":"sourceFile","fileName":"EngineService.kt"}
    1:1:void <init>(kotlin.jvm.internal.DefaultConstructorMarker):0:0 -> <init>
      # {"id":"com.android.tools.r8.residualsignature","signature":"(LO0/c;)V"}
    2:2:void <init>():39:39 -> <init>
    0:4:com.f3.aliothloud.LoudnessEngine$Result getLastStatus():49:49 -> getLastStatus
    5:10:void reload(android.content.Context):55:55 -> reload
    0:15:void send(android.content.Context,java.lang.String):58:58 -> send
    16:20:void send(android.content.Context,java.lang.String):60:60 -> send
    21:44:void send(android.content.Context,java.lang.String):62:62 -> send
    5:10:void start(android.content.Context):53:53 -> start
    5:10:void stop(android.content.Context):54:54 -> stop
com.f3.aliothloud.EngineService$WhenMappings -> com.f3.aliothloud.EngineService$WhenMappings:
# {"id":"sourceFile","fileName":"EngineService.kt"}
com.f3.aliothloud.EngineService$watchdog$1 -> com.f3.aliothloud.EngineService$watchdog$1:
# {"id":"sourceFile","fileName":"EngineService.kt"}
    2:5:void <init>(com.f3.aliothloud.EngineService):71:71 -> <init>
    0:4:void run():73:73 -> run
    5:16:void run():74:74 -> run
...
androidx.savedstate.SavedStateRegistry -> a0.e:
# {"id":"sourceFile","fileName":"SavedStateRegistry.kt"}
    androidx.arch.core.internal.SafeIterableMap components -> a
      # {"id":"com.android.tools.r8.residualsignature","signature":"Lm/f;"}
    boolean attached -> b
    android.os.Bundle restoredState -> c
    boolean isRestored -> d
    androidx.savedstate.Recreator$SavedStateProvider recreatorProvider -> e
      # {"id":"com.android.tools.r8.residualsignature","signature":"La0/a;"}
    boolean isAllowingSavingState -> f
    0:2:void <init>():32:32 -> <init>
    3:10:void <init>():34:34 -> <init>
    11:13:void <init>():48:48 -> <init>
    0:3:android.os.Bundle consumeRestoredStateForKey(java.lang.String):72:72 -> a
    4:8:android.os.Bundle consumeRestoredStateForKey(java.lang.String):76:76 -> a
    9:12:android.os.Bundle consumeRestoredStateForKey(java.lang.String):77:77 -> a
    13:19:android.os.Bundle consumeRestoredStateForKey(java.lang.String):78:78 -> a
    20:30:android.os.Bundle consumeRestoredStateForKey(java.lang.String):79:79 -> a
    31:34:android.os.Bundle consumeRestoredStateForKey(java.lang.String):80:80 -> a
    35:42:android.os.Bundle consumeRestoredStateForKey(java.lang.String):72:72 -> a
    0:37:androidx.savedstate.SavedStateRegistry$SavedStateProvider getSavedStateProvider(java.lang.String):128:128 -> b
      # {"id":"com.android.tools.r8.residualsignature","signature":"()La0/d;"}
androidx.savedstate.SavedStateRegistry$$ExternalSyntheticLambda0 -> a0.b:
# {"id":"sourceFile","fileName":"R8$$SyntheticClass"}
# {"id":"com.android.tools.r8.synthesized"}
    androidx.savedstate.SavedStateRegistry androidx.savedstate.SavedStateRegistry$$InternalSyntheticLambda$1$50312f5aad37730e2ae754624884f8ae4b17561c491607389f5341ebcae33dd6$0.f$0 -> a
      # {"id":"com.android.tools.r8.residualsignature","signature":"La0/e;"}
      # {"id":"com.android.tools.r8.synthesized"}
    0:5:void a0.SavedStateRegistry$$ExternalSyntheticLambda0.<init>(a0.SavedStateRegistry):0:0 -> <init>
      # {"id":"com.android.tools.r8.synthesized"}
      # {"id":"com.android.tools.r8.residualsignature","signature":"(La0/e;)V"}
    0:6:void androidx.savedstate.SavedStateRegistry.performAttach$lambda$4(androidx.savedstate.SavedStateRegistry,androidx.lifecycle.LifecycleOwner,androidx.lifecycle.Lifecycle$Event):0:0 -> b
      # {"id":"com.android.tools.r8.residualsignature","signature":"(Landroidx/lifecycle/t;Landroidx/lifecycle/m;)V"}
    7:11:void androidx.savedstate.SavedStateRegistry.performAttach$lambda$4(androidx.savedstate.SavedStateRegistry,androidx.lifecycle.LifecycleOwner,androidx.lifecycle.Lifecycle$Event):202:202 -> b
    12:14:void androidx.savedstate.SavedStateRegistry.performAttach$lambda$4(androidx.savedstate.SavedStateRegistry,androidx.lifecycle.LifecycleOwner,androidx.lifecycle.Lifecycle$Event):203:203 -> b
androidx.savedstate.SavedStateRegistry$AutoRecreated -> a0.c:
# {"id":"sourceFile","fileName":"SavedStateRegistry.kt"}
androidx.savedstate.SavedStateRegistry$SavedStateProvider -> a0.d:
# {"id":"sourceFile","fileName":"SavedStateRegistry.kt"}
    android.os.Bundle saveState() -> a