app/app/build/outputs/mapping/release/usage.txt
com.f3.aliothloud.MainActivity$$InternalSyntheticLambda$1$02f7d95fb1ec2020950e300a8963996633e402cbebf381e1b6e00094586bf268$0:
    public static void onValueChange()
    public final void onValueChange(com.google.android.material.slider.BaseSlider,float,boolean)
...
kotlin.contracts.ReturnsNotNull
kotlin.contracts.SimpleEffect
kotlin.coroutines.AbstractCoroutineContextElement
kotlin.coroutines.AbstractCoroutineContextKey
kotlin.coroutines.CombinedContext$Serialized$Companion
kotlin.coroutines.CombinedContext$Serialized
kotlin.coroutines.CombinedContext$toString$1
kotlin.coroutines.CombinedContext$writeReplace$1
kotlin.coroutines.CombinedContext
kotlin.coroutines.Continuation
kotlin.coroutines.ContinuationInterceptor$DefaultImpls
kotlin.coroutines.ContinuationInterceptor$Key
kotlin.coroutines.ContinuationInterceptor
kotlin.coroutines.ContinuationKt$Continuation$1
kotlin.coroutines.ContinuationKt
kotlin.coroutines.CoroutineContext$DefaultImpls
kotlin.coroutines.CoroutineContext$Element$DefaultImpls
kotlin.coroutines.CoroutineContext$Element:
    public abstract java.lang.Object fold(java.lang.Object,kotlin.jvm.functions.Function2)
    public abstract kotlin.coroutines.CoroutineContext$Element get(kotlin.coroutines.CoroutineContext$Key)
    public abstract kotlin.coroutines.CoroutineContext$Key getKey()
    public abstract kotlin.coroutines.CoroutineContext minusKey(kotlin.coroutines.CoroutineContext$Key)
kotlin.coroutines.CoroutineContext$plus$1
kotlin.coroutines.CoroutineContext:
    public abstract java.lang.Object fold(java.lang.Object,kotlin.jvm.functions.Function2)
    public abstract kotlin.coroutines.CoroutineContext minusKey(kotlin.coroutines.CoroutineContext$Key)
    public abstract kotlin.coroutines.CoroutineContext plus(kotlin.coroutines.CoroutineContext)
kotlin.coroutines.CoroutineContextImplKt
kotlin.coroutines.EmptyCoroutineContext
kotlin.coroutines.RestrictsSuspension
kotlin.coroutines.SafeContinuation$Companion
kotlin.coroutines.SafeContinuation
kotlin.coroutines.cancellation.CancellationExceptionKt
kotlin.coroutines.intrinsics.CoroutineSingletons
kotlin.coroutines.intrinsics.IntrinsicsKt
kotlin.coroutines.intrinsics.IntrinsicsKt__IntrinsicsJvmKt$createCoroutineFromSuspendFunction$1
kotlin.coroutines.intrinsics.IntrinsicsKt__IntrinsicsJvmKt$createCoroutineFromSuspendFunction$2
kotlin.coroutines.intrinsics.IntrinsicsKt__IntrinsicsJvmKt$createCoroutineUnintercepted$$inlined$createCoroutineFromSuspendFunction$IntrinsicsKt__IntrinsicsJvmKt$1
kotlin.coroutines.intrinsics.IntrinsicsKt__IntrinsicsJvmKt$createCoroutineUnintercepted$$inlined$createCoroutineFromSuspendFunction$IntrinsicsKt__IntrinsicsJvmKt$2
kotlin.coroutines.intrinsics.IntrinsicsKt__IntrinsicsJvmKt$createCoroutineUnintercepted$$inlined$createCoroutineFromSuspendFunction$IntrinsicsKt__IntrinsicsJvmKt$3
kotlin.coroutines.intrinsics.IntrinsicsKt__IntrinsicsJvmKt$createCoroutineUnintercepted$$inlined$createCoroutineFromSuspendFunction$IntrinsicsKt__IntrinsicsJvmKt$4
kotlin.coroutines.intrinsics.IntrinsicsKt__IntrinsicsJvmKt$createSimpleCoroutineForSuspendFunction$1
kotlin.coroutines.intrinsics.IntrinsicsKt__IntrinsicsJvmKt$createSimpleCoroutineForSuspendFunction$2
kotlin.coroutines.intrinsics.IntrinsicsKt__IntrinsicsJvmKt
kotlin.coroutines.intrinsics.IntrinsicsKt__IntrinsicsKt
kotlin.coroutines.jvm.internal.BaseContinuationImpl
kotlin.coroutines.jvm.internal.Boxing
kotlin.coroutines.jvm.internal.CompletedContinuation
kotlin.coroutines.jvm.internal.ContinuationImpl
kotlin.coroutines.jvm.internal.CoroutineStackFrame
kotlin.coroutines.jvm.internal.DebugMetadata
kotlin.coroutines.jvm.internal.DebugMetadataKt
kotlin.coroutines.jvm.internal.DebugProbesKt
kotlin.coroutines.jvm.internal.ModuleNameRetriever$Cache
kotlin.coroutines.jvm.internal.ModuleNameRetriever
kotlin.coroutines.jvm.internal.RestrictedContinuationImpl
kotlin.coroutines.jvm.internal.RestrictedSuspendLambda
kotlin.coroutines.jvm.internal.RunSuspend
kotlin.coroutines.jvm.internal.RunSuspendKt
kotlin.coroutines.jvm.internal.SuspendFunction
kotlin.coroutines.jvm.internal.SuspendLambda
kotlin.enums.EnumEntriesJVMKt